<?xml version="1.0" encoding="UTF-8"?>
<testsuite xmlns:xsi="http://www.w3.org/2001/XMLSchema-instance" xsi:noNamespaceSchemaLocation="https://maven.apache.org/surefire/maven-surefire-plugin/xsd/surefire-test-report-3.0.xsd" version="3.0" name="org.flossware.jeventbus.ServiceRegistryImplTest" time="0.343" tests="12" errors="0" skipped="0" failures="0">
  <properties>
[...]
</properties>
  <testcase name="testRegisterNullServiceInterface" classname="org.flossware.jeventbus.ServiceRegistryImplTest" time="0.244">
    <system-out><![CDATA[17:52:09.033 [main] INFO org.flossware.jeventbus.ServiceRegistryImpl -- ServiceRegistry created
]]></system-out>
  </testcase>
  <testcase name="testRegisterMultipleImplementations" classname="org.flossware.jeventbus.ServiceRegistryImplTest" time="0.013">
    <system-out><![CDATA[17:52:09.073 [main] INFO org.flossware.jeventbus.ServiceRegistryImpl -- ServiceRegistry created
17:52:09.075 [main] INFO org.flossware.jeventbus.ServiceRegistryImpl -- Registered service: org.flossware.jeventbus.ServiceRegistryImplTest$TestService -> org.flossware.jeventbus.ServiceRegistryImplTest$TestServiceImpl
17:52:09.080 [main] INFO org.flossware.jeventbus.ServiceRegistryImpl -- Registered service: org.flossware.jeventbus.ServiceRegistryImplTest$TestService -> org.flossware.jeventbus.ServiceRegistryImplTest$TestServiceImpl
17:52:09.080 [main] INFO org.flossware.jeventbus.ServiceRegistryImpl -- Registered service: org.flossware.jeventbus.ServiceRegistryImplTest$TestService -> org.flossware.jeventbus.ServiceRegistryImplTest$TestServiceImpl
17:52:09.080 [main] DEBUG org.flossware.jeventbus.ServiceRegistryImpl -- Found 3 services for: org.flossware.jeventbus.ServiceRegistryImplTest$TestService
]]></system-out>
  </testcase>
  <testcase name="testUnregisterService" classname="org.flossware.jeventbus.ServiceRegistryImplTest" time="0.004">
    <system-out><![CDATA[17:52:09.087 [main] INFO org.flossware.jeventbus.ServiceRegistryImpl -- ServiceRegistry created
17:52:09.087 [main] INFO org.flossware.jeventbus.ServiceRegistryImpl -- Registered service: org.flossware.jeventbus.ServiceRegistryImplTest$TestService -> org.flossware.jeventbus.ServiceRegistryImplTest$TestServiceImpl
17:52:09.087 [main] INFO org.flossware.jeventbus.ServiceRegistryImpl -- Registered service: org.flossware.jeventbus.ServiceRegistryImplTest$TestService -> org.flossware.jeventbus.ServiceRegistryImplTest$TestServiceImpl
17:52:09.088 [main] DEBUG org.flossware.jeventbus.ServiceRegistryImpl -- Found 2 services for: org.flossware.jeventbus.ServiceRegistryImplTest$TestService
17:52:09.088 [main] INFO org.flossware.jeventbus.ServiceRegistryImpl -- Unregistered service: org.flossware.jeventbus.ServiceRegistryImplTest$TestService -> org.flossware.jeventbus.ServiceRegistryImplTest$TestServiceImpl
17:52:09.088 [main] DEBUG org.flossware.jeventbus.ServiceRegistryImpl -- Found 1 services for: org.flossware.jeventbus.ServiceRegistryImplTest$TestService
]]></system-out>
  </testcase>
  <testcase name="testClear" classname="org.flossware.jeventbus.ServiceRegistryImplTest" time="0.007">
    <system-out><![CDATA[17:52:09.091 [main] INFO org.flossware.jeventbus.ServiceRegistryImpl -- ServiceRegistry created
17:52:09.092 [main] INFO org.flossware.jeventbus.ServiceRegistryImpl -- Registered service: org.flossware.jeventbus.ServiceRegistryImplTest$TestService -> org.flossware.jeventbus.ServiceRegistryImplTest$TestServiceImpl
17:52:09.092 [main] INFO org.flossware.jeventbus.ServiceRegistryImpl -- Registered service: org.flossware.jeventbus.ServiceRegistryImplTest$TestService -> org.flossware.jeventbus.ServiceRegistryImplTest$TestServiceImpl
17:52:09.095 [main] INFO org.flossware.jeventbus.ServiceRegistryImpl -- Cleared all 2 registered services
]]></system-out>
  </testcase>
  <testcase name="testGetServiceReturnsFirst" classname="org.flossware.jeventbus.ServiceRegistryImplTest" time="0.003">
    <system-out><![CDATA[17:52:09.099 [main] INFO org.flossware.jeventbus.ServiceRegistryImpl -- ServiceRegistry created
17:52:09.100 [main] INFO org.flossware.jeventbus.ServiceRegistryImpl -- Registered service: org.flossware.jeventbus.ServiceRegistryImplTest$TestService -> org.flossware.jeventbus.ServiceRegistryImplTest$TestServiceImpl
17:52:09.100 [main] INFO org.flossware.jeventbus.ServiceRegistryImpl -- Registered service: org.flossware.jeventbus.ServiceRegistryImplTest$TestService -> org.flossware.jeventbus.ServiceRegistryImplTest$TestServiceImpl
]]></system-out>
  </testcase>
  <testcase name="testRegisterNonInterface" classname="org.flossware.jeventbus.ServiceRegistryImplTest" time="0.002">
    <system-out><![CDATA[17:52:09.103 [main] INFO org.flossware.jeventbus.ServiceRegistryImpl -- ServiceRegistry created
]]></system-out>
  </testcase>
  <testcase name="testUnregisterLastService" classname="org.flossware.jeventbus.ServiceRegistryImplTest" time="0.004">
    <system-out><![CDATA[17:52:09.107 [main] INFO org.flossware.jeventbus.ServiceRegistryImpl -- ServiceRegistry created
17:52:09.107 [main] INFO org.flossware.jeventbus.ServiceRegistryImpl -- Registered service: org.flossware.jeventbus.ServiceRegistryImplTest$TestService -> org.flossware.jeventbus.ServiceRegistryImplTest$TestServiceImpl
17:52:09.108 [main] INFO org.flossware.jeventbus.ServiceRegistryImpl -- Unregistered service: org.flossware.jeventbus.ServiceRegistryImplTest$TestService -> org.flossware.jeventbus.ServiceRegistryImplTest$TestServiceImpl
17:52:09.108 [main] DEBUG org.flossware.jeventbus.ServiceRegistryImpl -- No service found for: org.flossware.jeventbus.ServiceRegistryImplTest$TestService
]]></system-out>
  </testcase>
  <testcase name="testRegisterAndGetService" classname="org.flossware.jeventbus.ServiceRegistryImplTest" time="0.002">
    <system-out><![CDATA[17:52:09.112 [main] INFO org.flossware.jeventbus.ServiceRegistryImpl -- ServiceRegistry created
17:52:09.112 [main] INFO org.flossware.jeventbus.ServiceRegistryImpl -- Registered service: org.flossware.jeventbus.ServiceRegistryImplTest$TestService -> org.flossware.jeventbus.ServiceRegistryImplTest$TestServiceImpl
]]></system-out>
  </testcase>
  <testcase name="testRegisterWrongImplementation" classname="org.flossware.jeventbus.ServiceRegistryImplTest" time="0.003">
    <system-out><![CDATA[17:52:09.115 [main] INFO org.flossware.jeventbus.ServiceRegistryImpl -- ServiceRegistry created
]]></system-out>
  </testcase>
  <testcase name="testGetServiceNotFound" classname="org.flossware.jeventbus.ServiceRegistryImplTest" time="0.002">
    <system-out><![CDATA[17:52:09.119 [main] INFO org.flossware.jeventbus.ServiceRegistryImpl -- ServiceRegistry created
17:52:09.119 [main] DEBUG org.flossware.jeventbus.ServiceRegistryImpl -- No service found for: org.flossware.jeventbus.ServiceRegistryImplTest$TestService
]]></system-out>
  </testcase>
  <testcase name="testRegisterNullImplementation" classname="org.flossware.jeventbus.ServiceRegistryImplTest" time="0.002">
    <system-out><![CDATA[17:52:09.122 [main] INFO org.flossware.jeventbus.ServiceRegistryImpl -- ServiceRegistry created
]]></system-out>
  </testcase>
  <testcase name="testGetAllServicesNotFound" classname="org.flossware.jeventbus.ServiceRegistryImplTest" time="0.003">
    <system-out><![CDATA[17:52:09.126 [main] INFO org.flossware.jeventbus.ServiceRegistryImpl -- ServiceRegistry created
]]></system-out>
  </testcase>
</testsuite>