<?xml version="1.0" encoding="UTF-8"?>
<testsuite xmlns:xsi="http://www.w3.org/2001/XMLSchema-instance" xsi:noNamespaceSchemaLocation="https://maven.apache.org/surefire/maven-surefire-plugin/xsd/surefire-test-report-3.0.xsd" version="3.0" name="org.flossware.jeventbus.InMemoryMessageBusTest" time="0.255" tests="8" errors="0" skipped="0" failures="0">
  <properties>
[...]
</properties>
  <testcase name="testMultipleTopics" classname="org.flossware.jeventbus.InMemoryMessageBusTest" time="0.011">
    <system-out><![CDATA[17:52:09.254 [main] INFO org.flossware.jeventbus.InMemoryMessageBus -- InMemoryMessageBus started
17:52:09.257 [main] INFO org.flossware.jeventbus.InMemoryMessageBus -- New subscription to topic 'topic1'. Total subscribers: 1
17:52:09.257 [main] INFO org.flossware.jeventbus.InMemoryMessageBus -- New subscription to topic 'topic2'. Total subscribers: 1
17:52:09.258 [main] DEBUG org.flossware.jeventbus.InMemoryMessageBus -- Publishing message to topic 'topic1': 1 subscribers
17:52:09.259 [main] DEBUG org.flossware.jeventbus.InMemoryMessageBus -- Publishing message to topic 'topic2': 1 subscribers
17:52:09.261 [main] INFO org.flossware.jeventbus.InMemoryMessageBus -- Shutting down message bus
]]></system-out>
  </testcase>
  <testcase name="testUnsubscribe" classname="org.flossware.jeventbus.InMemoryMessageBusTest" time="0.206">
    <system-out><![CDATA[17:52:09.265 [main] INFO org.flossware.jeventbus.InMemoryMessageBus -- InMemoryMessageBus started
17:52:09.266 [main] INFO org.flossware.jeventbus.InMemoryMessageBus -- New subscription to topic 'test-topic'. Total subscribers: 1
17:52:09.266 [main] DEBUG org.flossware.jeventbus.InMemoryMessageBus -- Publishing message to topic 'test-topic': 1 subscribers
17:52:09.367 [main] INFO org.flossware.jeventbus.InMemoryMessageBus -- Unsubscribed from topic 'test-topic'. Remaining subscribers: 0
17:52:09.368 [main] DEBUG org.flossware.jeventbus.InMemoryMessageBus -- No subscribers for topic: test-topic
17:52:09.469 [main] INFO org.flossware.jeventbus.InMemoryMessageBus -- Shutting down message bus
]]></system-out>
  </testcase>
  <testcase name="testShutdown" classname="org.flossware.jeventbus.InMemoryMessageBusTest" time="0.007">
    <system-out><![CDATA[17:52:09.473 [main] INFO org.flossware.jeventbus.InMemoryMessageBus -- InMemoryMessageBus started
17:52:09.474 [main] INFO org.flossware.jeventbus.InMemoryMessageBus -- New subscription to topic 'test-topic'. Total subscribers: 1
17:52:09.474 [main] DEBUG org.flossware.jeventbus.InMemoryMessageBus -- Publishing message to topic 'test-topic': 1 subscribers
17:52:09.477 [main] INFO org.flossware.jeventbus.InMemoryMessageBus -- Shutting down message bus
17:52:09.477 [main] INFO org.flossware.jeventbus.InMemoryMessageBus -- Shutting down message bus
]]></system-out>
  </testcase>
  <testcase name="testMessageWithHeaders" classname="org.flossware.jeventbus.InMemoryMessageBusTest" time="0.003">
    <system-out><![CDATA[17:52:09.480 [main] INFO org.flossware.jeventbus.InMemoryMessageBus -- InMemoryMessageBus started
17:52:09.480 [main] INFO org.flossware.jeventbus.InMemoryMessageBus -- New subscription to topic 'test-topic'. Total subscribers: 1
17:52:09.480 [main] DEBUG org.flossware.jeventbus.InMemoryMessageBus -- Publishing message to topic 'test-topic': 1 subscribers
17:52:09.481 [main] INFO org.flossware.jeventbus.InMemoryMessageBus -- Shutting down message bus
]]></system-out>
  </testcase>
  <testcase name="testMultipleSubscribers" classname="org.flossware.jeventbus.InMemoryMessageBusTest" time="0.005">
    <system-out><![CDATA[17:52:09.483 [main] INFO org.flossware.jeventbus.InMemoryMessageBus -- InMemoryMessageBus started
17:52:09.484 [main] INFO org.flossware.jeventbus.InMemoryMessageBus -- New subscription to topic 'test-topic'. Total subscribers: 1
17:52:09.484 [main] INFO org.flossware.jeventbus.InMemoryMessageBus -- New subscription to topic 'test-topic'. Total subscribers: 2
17:52:09.484 [main] INFO org.flossware.jeventbus.InMemoryMessageBus -- New subscription to topic 'test-topic'. Total subscribers: 3
17:52:09.484 [main] DEBUG org.flossware.jeventbus.InMemoryMessageBus -- Publishing message to topic 'test-topic': 3 subscribers
17:52:09.486 [main] INFO org.flossware.jeventbus.InMemoryMessageBus -- Shutting down message bus
]]></system-out>
  </testcase>
  <testcase name="testPublishWithNoSubscribers" classname="org.flossware.jeventbus.InMemoryMessageBusTest" time="0.002">
    <system-out><![CDATA[17:52:09.489 [main] INFO org.flossware.jeventbus.InMemoryMessageBus -- InMemoryMessageBus started
17:52:09.490 [main] DEBUG org.flossware.jeventbus.InMemoryMessageBus -- No subscribers for topic: no-subscribers
17:52:09.490 [main] INFO org.flossware.jeventbus.InMemoryMessageBus -- Shutting down message bus
]]></system-out>
  </testcase>
  <testcase name="testHandlerException" classname="org.flossware.jeventbus.InMemoryMessageBusTest" time="0.009">
    <system-out><![CDATA[17:52:09.492 [main] INFO org.flossware.jeventbus.InMemoryMessageBus -- InMemoryMessageBus started
17:52:09.493 [main] INFO org.flossware.jeventbus.InMemoryMessageBus -- New subscription to topic 'test-topic'. Total subscribers: 1
17:52:09.493 [main] INFO org.flossware.jeventbus.InMemoryMessageBus -- New subscription to topic 'test-topic'. Total subscribers: 2
17:52:09.494 [main] DEBUG org.flossware.jeventbus.InMemoryMessageBus -- Publishing message to topic 'test-topic': 2 subscribers
17:52:09.495 [main] INFO org.flossware.jeventbus.InMemoryMessageBus -- Shutting down message bus
17:52:09.494 [message-bus-dispatcher] ERROR org.flossware.jeventbus.InMemoryMessageBus -- Error delivering message to subscriber on topic 'test-topic'
java.lang.RuntimeException: Handler error
	at org.flossware.jeventbus.InMemoryMessageBusTest.lambda$testHandlerException$7(InMemoryMessageBusTest.java:191)
	at org.flossware.jeventbus.InMemoryMessageBus.lambda$publish$1(InMemoryMessageBus.java:106)
	at java.base/java.util.concurrent.Executors$RunnableAdapter.call(Executors.java:572)
	at java.base/java.util.concurrent.FutureTask.run(FutureTask.java:317)
	at java.base/java.util.concurrent.ThreadPoolExecutor.runWorker(ThreadPoolExecutor.java:1144)
	at java.base/java.util.concurrent.ThreadPoolExecutor$Worker.run(ThreadPoolExecutor.java:642)
	at java.base/java.lang.Thread.run(Thread.java:1583)
]]></system-out>
  </testcase>
  <testcase name="testPublishAndReceive" classname="org.flossware.jeventbus.InMemoryMessageBusTest" time="0.003">
    <system-out><![CDATA[17:52:09.502 [main] INFO org.flossware.jeventbus.InMemoryMessageBus -- InMemoryMessageBus started
17:52:09.503 [main] INFO org.flossware.jeventbus.InMemoryMessageBus -- New subscription to topic 'test-topic'. Total subscribers: 1
17:52:09.503 [main] DEBUG org.flossware.jeventbus.InMemoryMessageBus -- Publishing message to topic 'test-topic': 1 subscribers
17:52:09.504 [main] INFO org.flossware.jeventbus.InMemoryMessageBus -- Shutting down message bus
]]></system-out>
  </testcase>
</testsuite>