<?xml version="1.0" encoding="UTF-8"?>
<testsuite xmlns:xsi="http://www.w3.org/2001/XMLSchema-instance" xsi:noNamespaceSchemaLocation="https://maven.apache.org/surefire/maven-surefire-plugin/xsd/surefire-test-report-3.0.xsd" version="3.0" name="org.flossware.jeventbus.InMemoryMessageBusEdgeCasesTest" time="10.239" tests="9" errors="0" skipped="0" failures="0">
  <properties>
[...]
</properties>
  <testcase name="testSubscriptionHandler" classname="org.flossware.jeventbus.InMemoryMessageBusEdgeCasesTest" time="0.003">
    <system-out><![CDATA[17:52:09.583 [main] INFO org.flossware.jeventbus.InMemoryMessageBus -- InMemoryMessageBus started
17:52:09.584 [main] INFO org.flossware.jeventbus.InMemoryMessageBus -- New subscription to topic 'test-topic'. Total subscribers: 1
17:52:09.585 [main] INFO org.flossware.jeventbus.InMemoryMessageBus -- Shutting down message bus
]]></system-out>
  </testcase>
  <testcase name="testSubscriptionTopic" classname="org.flossware.jeventbus.InMemoryMessageBusEdgeCasesTest" time="0.002">
    <system-out><![CDATA[17:52:09.587 [main] INFO org.flossware.jeventbus.InMemoryMessageBus -- InMemoryMessageBus started
17:52:09.587 [main] INFO org.flossware.jeventbus.InMemoryMessageBus -- New subscription to topic 'my-test-topic'. Total subscribers: 1
17:52:09.588 [main] INFO org.flossware.jeventbus.InMemoryMessageBus -- Shutting down message bus
]]></system-out>
  </testcase>
  <testcase name="testUnsubscribeWithNonImplSubscription" classname="org.flossware.jeventbus.InMemoryMessageBusEdgeCasesTest" time="0.003">
    <system-out><![CDATA[17:52:09.590 [main] INFO org.flossware.jeventbus.InMemoryMessageBus -- InMemoryMessageBus started
17:52:09.591 [main] INFO org.flossware.jeventbus.InMemoryMessageBus -- Shutting down message bus
]]></system-out>
  </testcase>
  <testcase name="testDoubleCancellation" classname="org.flossware.jeventbus.InMemoryMessageBusEdgeCasesTest" time="0.002">
    <system-out><![CDATA[17:52:09.594 [main] INFO org.flossware.jeventbus.InMemoryMessageBus -- InMemoryMessageBus started
17:52:09.594 [main] INFO org.flossware.jeventbus.InMemoryMessageBus -- New subscription to topic 'test-topic'. Total subscribers: 1
17:52:09.594 [main] INFO org.flossware.jeventbus.InMemoryMessageBus -- Unsubscribed from topic 'test-topic'. Remaining subscribers: 0
17:52:09.595 [main] INFO org.flossware.jeventbus.InMemoryMessageBus -- Shutting down message bus
]]></system-out>
  </testcase>
  <testcase name="testShutdownWithPendingMessages" classname="org.flossware.jeventbus.InMemoryMessageBusEdgeCasesTest" time="10.004">
    <system-out><![CDATA[17:52:09.597 [main] INFO org.flossware.jeventbus.InMemoryMessageBus -- InMemoryMessageBus started
17:52:09.597 [main] INFO org.flossware.jeventbus.InMemoryMessageBus -- New subscription to topic 'test-topic'. Total subscribers: 1
17:52:09.598 [main] DEBUG org.flossware.jeventbus.InMemoryMessageBus -- Publishing message to topic 'test-topic': 1 subscribers
17:52:09.598 [main] INFO org.flossware.jeventbus.InMemoryMessageBus -- Shutting down message bus
17:52:19.599 [main] INFO org.flossware.jeventbus.InMemoryMessageBus -- Shutting down message bus
]]></system-out>
  </testcase>
  <testcase name="testSubscriptionId" classname="org.flossware.jeventbus.InMemoryMessageBusEdgeCasesTest" time="0.006">
    <system-out><![CDATA[17:52:19.602 [main] INFO org.flossware.jeventbus.InMemoryMessageBus -- InMemoryMessageBus started
17:52:19.603 [main] INFO org.flossware.jeventbus.InMemoryMessageBus -- New subscription to topic 'test-topic'. Total subscribers: 1
17:52:19.604 [main] INFO org.flossware.jeventbus.InMemoryMessageBus -- New subscription to topic 'test-topic'. Total subscribers: 2
17:52:19.606 [main] INFO org.flossware.jeventbus.InMemoryMessageBus -- Shutting down message bus
]]></system-out>
  </testcase>
  <testcase name="testInactiveSubscription" classname="org.flossware.jeventbus.InMemoryMessageBusEdgeCasesTest" time="0.104">
    <system-out><![CDATA[17:52:19.609 [main] INFO org.flossware.jeventbus.InMemoryMessageBus -- InMemoryMessageBus started
17:52:19.609 [main] INFO org.flossware.jeventbus.InMemoryMessageBus -- New subscription to topic 'test-topic'. Total subscribers: 1
17:52:19.610 [main] INFO org.flossware.jeventbus.InMemoryMessageBus -- New subscription to topic 'test-topic'. Total subscribers: 2
17:52:19.610 [main] INFO org.flossware.jeventbus.InMemoryMessageBus -- Unsubscribed from topic 'test-topic'. Remaining subscribers: 1
17:52:19.610 [main] DEBUG org.flossware.jeventbus.InMemoryMessageBus -- Publishing message to topic 'test-topic': 1 subscribers
17:52:19.711 [main] INFO org.flossware.jeventbus.InMemoryMessageBus -- Shutting down message bus
]]></system-out>
  </testcase>
  <testcase name="testCancelNonExistentSubscription" classname="org.flossware.jeventbus.InMemoryMessageBusEdgeCasesTest" time="0.003">
    <system-out><![CDATA[17:52:19.714 [main] INFO org.flossware.jeventbus.InMemoryMessageBus -- InMemoryMessageBus started
17:52:19.715 [main] INFO org.flossware.jeventbus.InMemoryMessageBus -- New subscription to topic 'test-topic'. Total subscribers: 1
17:52:19.715 [main] INFO org.flossware.jeventbus.InMemoryMessageBus -- Unsubscribed from topic 'test-topic'. Remaining subscribers: 0
17:52:19.715 [main] INFO org.flossware.jeventbus.InMemoryMessageBus -- Shutting down message bus
]]></system-out>
  </testcase>
  <testcase name="testUnsubscribeWithSubscriptionImpl" classname="org.flossware.jeventbus.InMemoryMessageBusEdgeCasesTest" time="0.103">
    <system-out><![CDATA[17:52:19.717 [main] INFO org.flossware.jeventbus.InMemoryMessageBus -- InMemoryMessageBus started
17:52:19.718 [main] INFO org.flossware.jeventbus.InMemoryMessageBus -- New subscription to topic 'test-topic'. Total subscribers: 1
17:52:19.718 [main] INFO org.flossware.jeventbus.InMemoryMessageBus -- Unsubscribed from topic 'test-topic'. Remaining subscribers: 0
17:52:19.718 [main] DEBUG org.flossware.jeventbus.InMemoryMessageBus -- No subscribers for topic: test-topic
17:52:19.819 [main] INFO org.flossware.jeventbus.InMemoryMessageBus -- Shutting down message bus
]]></system-out>
  </testcase>
</testsuite>